<?xml version="1.0" encoding="UTF-8"?>
<!-- Generated by org.testng.reporters.JUnitXMLReporter -->
<testsuite ignored="0" hostname="Karish-Home3" failures="0" tests="3" name="Default test" time="16.988" errors="0" timestamp="2023-05-23T20:14:19 EDT">
  <testcase classname="com.testcases.PurchasepageTest" name="data_valid" time="1.637"/>
  <testcase classname="com.testcases.PurchasepageTest" name="data_valid" time="2.181"/>
  <testcase classname="com.testcases.PurchasepageTest" name="data_valid" time="3.05"/>
</testsuite> <!-- Default test -->
